%!Adobe-FontList 1.14
%Locale:0x409

%BeginFont
Handler:DirectoryHandler
FontType:TrueType
FontName:Roboto-Black
FamilyName:Roboto
StyleName:Black
FullName:Roboto Black
MenuName:Roboto Black
StyleBits:0
WritingScript:Roman
OutlineFileName:D:\PunchVN\punch-web\Font\Roboto-Black.ttf
DataFormat:sfntData
FileLength:171480
FileModTime:1357664400
WeightClass:900
WidthClass:5
AngleClass:0
%EndFont

%BeginFont
Handler:DirectoryHandler
FontType:TrueType
FontName:Roboto-BlackItalic
FamilyName:Roboto
StyleName:Black Italic
FullName:Roboto Black Italic
MenuName:Roboto Black
StyleBits:1
WritingScript:Roman
OutlineFileName:D:\PunchVN\punch-web\Font\Roboto-BlackItalic.ttf
DataFormat:sfntData
FileLength:177552
FileModTime:1357664400
WeightClass:900
WidthClass:5
AngleClass:1
%EndFont

%BeginFont
Handler:DirectoryHandler
FontType:TrueType
FontName:Roboto-Bold
FamilyName:Roboto
StyleName:Bold
FullName:Roboto Bold
MenuName:Roboto
StyleBits:2
WritingScript:Roman
OutlineFileName:D:\PunchVN\punch-web\Font\Roboto-Bold.ttf
DataFormat:sfntData
FileLength:170760
FileModTime:1357664400
WeightClass:700
WidthClass:5
AngleClass:0
%EndFont

%BeginFont
Handler:DirectoryHandler
FontType:TrueType
FontName:Roboto-BoldItalic
FamilyName:Roboto
StyleName:Bold Italic
FullName:Roboto Bold Italic
MenuName:Roboto
StyleBits:3
WritingScript:Roman
OutlineFileName:D:\PunchVN\punch-web\Font\Roboto-BoldItalic.ttf
DataFormat:sfntData
FileLength:174952
FileModTime:1357664400
WeightClass:700
WidthClass:5
AngleClass:1
%EndFont

%BeginFont
Handler:DirectoryHandler
FontType:TrueType
FontName:Roboto-Italic
FamilyName:Roboto
StyleName:Italic
FullName:Roboto Italic
MenuName:Roboto
StyleBits:1
WritingScript:Roman
OutlineFileName:D:\PunchVN\punch-web\Font\Roboto-Italic.ttf
DataFormat:sfntData
FileLength:173932
FileModTime:1357664400
WeightClass:400
WidthClass:5
AngleClass:1
%EndFont

%BeginFont
Handler:DirectoryHandler
FontType:TrueType
FontName:Roboto-Light
FamilyName:Roboto
StyleName:Light
FullName:Roboto Light
MenuName:Roboto Light
StyleBits:0
WritingScript:Roman
OutlineFileName:D:\PunchVN\punch-web\Font\Roboto-Light.ttf
DataFormat:sfntData
FileLength:170420
FileModTime:1357664400
WeightClass:300
WidthClass:5
AngleClass:0
%EndFont

%BeginFont
Handler:DirectoryHandler
FontType:TrueType
FontName:Roboto-LightItalic
FamilyName:Roboto
StyleName:Light Italic
FullName:Roboto Light Italic
MenuName:Roboto Light
StyleBits:1
WritingScript:Roman
OutlineFileName:D:\PunchVN\punch-web\Font\Roboto-LightItalic.ttf
DataFormat:sfntData
FileLength:176616
FileModTime:1357664400
WeightClass:300
WidthClass:5
AngleClass:1
%EndFont

%BeginFont
Handler:DirectoryHandler
FontType:TrueType
FontName:Roboto-Medium
FamilyName:Roboto
StyleName:Medium
FullName:Roboto Medium
MenuName:Roboto Medium
StyleBits:0
WritingScript:Roman
OutlineFileName:D:\PunchVN\punch-web\Font\Roboto-Medium.ttf
DataFormat:sfntData
FileLength:172064
FileModTime:1357664400
WeightClass:500
WidthClass:5
AngleClass:0
%EndFont

%BeginFont
Handler:DirectoryHandler
FontType:TrueType
FontName:Roboto-MediumItalic
FamilyName:Roboto
StyleName:Medium Italic
FullName:Roboto Medium Italic
MenuName:Roboto Medium
StyleBits:1
WritingScript:Roman
OutlineFileName:D:\PunchVN\punch-web\Font\Roboto-MediumItalic.ttf
DataFormat:sfntData
FileLength:176864
FileModTime:1357664400
WeightClass:500
WidthClass:5
AngleClass:1
%EndFont

%BeginFont
Handler:DirectoryHandler
FontType:TrueType
FontName:Roboto-Regular
FamilyName:Roboto
StyleName:Regular
FullName:Roboto
MenuName:Roboto
StyleBits:0
WritingScript:Roman
OutlineFileName:D:\PunchVN\punch-web\Font\Roboto-Regular.ttf
DataFormat:sfntData
FileLength:171676
FileModTime:1357664400
WeightClass:400
WidthClass:5
AngleClass:0
%EndFont

%BeginFont
Handler:DirectoryHandler
FontType:TrueType
FontName:Roboto-Thin
FamilyName:Roboto
StyleName:Thin
FullName:Roboto Thin
MenuName:Roboto Thin
StyleBits:0
WritingScript:Roman
OutlineFileName:D:\PunchVN\punch-web\Font\Roboto-Thin.ttf
DataFormat:sfntData
FileLength:171904
FileModTime:1357664400
WeightClass:250
WidthClass:5
AngleClass:0
%EndFont

%BeginFont
Handler:DirectoryHandler
FontType:TrueType
FontName:Roboto-ThinItalic
FamilyName:Roboto
StyleName:Thin Italic
FullName:Roboto Thin Italic
MenuName:Roboto Thin
StyleBits:1
WritingScript:Roman
OutlineFileName:D:\PunchVN\punch-web\Font\Roboto-ThinItalic.ttf
DataFormat:sfntData
FileLength:176300
FileModTime:1357664400
WeightClass:250
WidthClass:5
AngleClass:1
%EndFont

%BeginFont
Handler:DirectoryHandler
FontType:TrueType
FontName:RobotoCondensed-Bold
FamilyName:Roboto Condensed
StyleName:Bold
FullName:Roboto Condensed Bold
MenuName:Roboto Condensed
StyleBits:2
WritingScript:Roman
OutlineFileName:D:\PunchVN\punch-web\Font\RobotoCondensed-Bold.ttf
DataFormat:sfntData
FileLength:169800
FileModTime:1340643600
WeightClass:700
WidthClass:5
AngleClass:0
%EndFont

%BeginFont
Handler:DirectoryHandler
FontType:TrueType
FontName:RobotoCondensed-BoldItalic
FamilyName:Roboto Condensed
StyleName:Bold Italic
FullName:Roboto Condensed Bold Italic
MenuName:Roboto Condensed
StyleBits:3
WritingScript:Roman
OutlineFileName:D:\PunchVN\punch-web\Font\RobotoCondensed-BoldItalic.ttf
DataFormat:sfntData
FileLength:175888
FileModTime:1340643600
WeightClass:700
WidthClass:5
AngleClass:1
%EndFont

%BeginFont
Handler:DirectoryHandler
FontType:TrueType
FontName:RobotoCondensed-Italic
FamilyName:Roboto Condensed
StyleName:Italic
FullName:Roboto Condensed Italic
MenuName:Roboto Condensed
StyleBits:1
WritingScript:Roman
OutlineFileName:D:\PunchVN\punch-web\Font\RobotoCondensed-Italic.ttf
DataFormat:sfntData
FileLength:175188
FileModTime:1340643600
WeightClass:400
WidthClass:5
AngleClass:1
%EndFont

%BeginFont
Handler:DirectoryHandler
FontType:TrueType
FontName:RobotoCondensed-Light
FamilyName:Roboto Condensed
StyleName:Light
FullName:Roboto Condensed Light
MenuName:Roboto Condensed Light
StyleBits:0
WritingScript:Roman
OutlineFileName:D:\PunchVN\punch-web\Font\RobotoCondensed-Light.ttf
DataFormat:sfntData
FileLength:168004
FileModTime:1340643600
WeightClass:300
WidthClass:5
AngleClass:0
%EndFont

%BeginFont
Handler:DirectoryHandler
FontType:TrueType
FontName:RobotoCondensed-LightItalic
FamilyName:Roboto Condensed
StyleName:Light Italic
FullName:Roboto Condensed Light Italic
MenuName:Roboto Condensed Light
StyleBits:1
WritingScript:Roman
OutlineFileName:D:\PunchVN\punch-web\Font\RobotoCondensed-LightItalic.ttf
DataFormat:sfntData
FileLength:175380
FileModTime:1340643600
WeightClass:300
WidthClass:5
AngleClass:1
%EndFont

%BeginFont
Handler:DirectoryHandler
FontType:TrueType
FontName:RobotoCondensed-Regular
FamilyName:Roboto Condensed
StyleName:Regular
FullName:Roboto Condensed
MenuName:Roboto Condensed
StyleBits:0
WritingScript:Roman
OutlineFileName:D:\PunchVN\punch-web\Font\RobotoCondensed-Regular.ttf
DataFormat:sfntData
FileLength:170284
FileModTime:1340643600
WeightClass:400
WidthClass:5
AngleClass:0
%EndFont

